10:01:57 **** Incremental Build of configuration Debug for project OCU_H743ZI2 ****
make -j8 all 
arm-none-eabi-gcc "../Drivers/STM32H7xx_HAL_Driver/Src/stm32h7xx_hal.c" -mcpu=cortex-m7 -std=gnu11 -g3 -DDEBUG -DUSE_HAL_DRIVER -DSTM32H743xx -c -I../Drivers/STM32H7xx_HAL_Driver/Inc -I../Drivers/STM32H7xx_HAL_Driver/Inc/Legacy -I../Drivers/CMSIS/Device/ST/STM32H7xx/Include -I../Drivers/CMSIS/Include -I"C:/Users/HEIN.H/STM32CubeIDE/workspace_1.8.0/OCU_H743ZI2/ADC_DAC_Lib" -I"C:/Users/HEIN.H/STM32CubeIDE/workspace_1.8.0/OCU_H743ZI2/OBC_SPI_Lib" -I"C:/Users/HEIN.H/STM32CubeIDE/workspace_1.8.0/OCU_H743ZI2/Optocoupler_Lib" -I"C:/Users/HEIN.H/STM32CubeIDE/workspace_1.8.0/OCU_H743ZI2/PFCV_UART_Lib" -I"C:/Users/HEIN.H/STM32CubeIDE/workspace_1.8.0/OCU_H743ZI2/Thermocouple_Lib" -O0 -ffunction-sections -fdata-sections -Wall -fstack-usage -MMD -MP -MF"Drivers/STM32H7xx_HAL_Driver/Src/stm32h7xx_hal.d" -MT"Drivers/STM32H7xx_HAL_Driver/Src/stm32h7xx_hal.o" --specs=nano.specs -mfpu=fpv5-d16 -mfloat-abi=hard -mthumb -o "Drivers/STM32H7xx_HAL_Driver/Src/stm32h7xx_hal.o"
arm-none-eabi-gcc "../Drivers/STM32H7xx_HAL_Driver/Src/stm32h7xx_hal_cortex.c" -mcpu=cortex-m7 -std=gnu11 -g3 -DDEBUG -DUSE_HAL_DRIVER -DSTM32H743xx -c -I../Drivers/STM32H7xx_HAL_Driver/Inc -I../Drivers/STM32H7xx_HAL_Driver/Inc/Legacy -I../Drivers/CMSIS/Device/ST/STM32H7xx/Include -I../Drivers/CMSIS/Include -I"C:/Users/HEIN.H/STM32CubeIDE/workspace_1.8.0/OCU_H743ZI2/ADC_DAC_Lib" -I"C:/Users/HEIN.H/STM32CubeIDE/workspace_1.8.0/OCU_H743ZI2/OBC_SPI_Lib" -I"C:/Users/HEIN.H/STM32CubeIDE/workspace_1.8.0/OCU_H743ZI2/Optocoupler_Lib" -I"C:/Users/HEIN.H/STM32CubeIDE/workspace_1.8.0/OCU_H743ZI2/PFCV_UART_Lib" -I"C:/Users/HEIN.H/STM32CubeIDE/workspace_1.8.0/OCU_H743ZI2/Thermocouple_Lib" -O0 -ffunction-sections -fdata-sections -Wall -fstack-usage -MMD -MP -MF"Drivers/STM32H7xx_HAL_Driver/Src/stm32h7xx_hal_cortex.d" -MT"Drivers/STM32H7xx_HAL_Driver/Src/stm32h7xx_hal_cortex.o" --specs=nano.specs -mfpu=fpv5-d16 -mfloat-abi=hard -mthumb -o "Drivers/STM32H7xx_HAL_Driver/Src/stm32h7xx_hal_cortex.o"
arm-none-eabi-gcc "../Drivers/STM32H7xx_HAL_Driver/Src/stm32h7xx_hal_dma.c" -mcpu=cortex-m7 -std=gnu11 -g3 -DDEBUG -DUSE_HAL_DRIVER -DSTM32H743xx -c -I../Drivers/STM32H7xx_HAL_Driver/Inc -I../Drivers/STM32H7xx_HAL_Driver/Inc/Legacy -I../Drivers/CMSIS/Device/ST/STM32H7xx/Include -I../Drivers/CMSIS/Include -I"C:/Users/HEIN.H/STM32CubeIDE/workspace_1.8.0/OCU_H743ZI2/ADC_DAC_Lib" -I"C:/Users/HEIN.H/STM32CubeIDE/workspace_1.8.0/OCU_H743ZI2/OBC_SPI_Lib" -I"C:/Users/HEIN.H/STM32CubeIDE/workspace_1.8.0/OCU_H743ZI2/Optocoupler_Lib" -I"C:/Users/HEIN.H/STM32CubeIDE/workspace_1.8.0/OCU_H743ZI2/PFCV_UART_Lib" -I"C:/Users/HEIN.H/STM32CubeIDE/workspace_1.8.0/OCU_H743ZI2/Thermocouple_Lib" -O0 -ffunction-sections -fdata-sections -Wall -fstack-usage -MMD -MP -MF"Drivers/STM32H7xx_HAL_Driver/Src/stm32h7xx_hal_dma.d" -MT"Drivers/STM32H7xx_HAL_Driver/Src/stm32h7xx_hal_dma.o" --specs=nano.specs -mfpu=fpv5-d16 -mfloat-abi=hard -mthumb -o "Drivers/STM32H7xx_HAL_Driver/Src/stm32h7xx_hal_dma.o"
arm-none-eabi-gcc "../Drivers/STM32H7xx_HAL_Driver/Src/stm32h7xx_hal_dma_ex.c" -mcpu=cortex-m7 -std=gnu11 -g3 -DDEBUG -DUSE_HAL_DRIVER -DSTM32H743xx -c -I../Drivers/STM32H7xx_HAL_Driver/Inc -I../Drivers/STM32H7xx_HAL_Driver/Inc/Legacy -I../Drivers/CMSIS/Device/ST/STM32H7xx/Include -I../Drivers/CMSIS/Include -I"C:/Users/HEIN.H/STM32CubeIDE/workspace_1.8.0/OCU_H743ZI2/ADC_DAC_Lib" -I"C:/Users/HEIN.H/STM32CubeIDE/workspace_1.8.0/OCU_H743ZI2/OBC_SPI_Lib" -I"C:/Users/HEIN.H/STM32CubeIDE/workspace_1.8.0/OCU_H743ZI2/Optocoupler_Lib" -I"C:/Users/HEIN.H/STM32CubeIDE/workspace_1.8.0/OCU_H743ZI2/PFCV_UART_Lib" -I"C:/Users/HEIN.H/STM32CubeIDE/workspace_1.8.0/OCU_H743ZI2/Thermocouple_Lib" -O0 -ffunction-sections -fdata-sections -Wall -fstack-usage -MMD -MP -MF"Drivers/STM32H7xx_HAL_Driver/Src/stm32h7xx_hal_dma_ex.d" -MT"Drivers/STM32H7xx_HAL_Driver/Src/stm32h7xx_hal_dma_ex.o" --specs=nano.specs -mfpu=fpv5-d16 -mfloat-abi=hard -mthumb -o "Drivers/STM32H7xx_HAL_Driver/Src/stm32h7xx_hal_dma_ex.o"
arm-none-eabi-gcc "../Drivers/STM32H7xx_HAL_Driver/Src/stm32h7xx_hal_eth.c" -mcpu=cortex-m7 -std=gnu11 -g3 -DDEBUG -DUSE_HAL_DRIVER -DSTM32H743xx -c -I../Drivers/STM32H7xx_HAL_Driver/Inc -I../Drivers/STM32H7xx_HAL_Driver/Inc/Legacy -I../Drivers/CMSIS/Device/ST/STM32H7xx/Include -I../Drivers/CMSIS/Include -I"C:/Users/HEIN.H/STM32CubeIDE/workspace_1.8.0/OCU_H743ZI2/ADC_DAC_Lib" -I"C:/Users/HEIN.H/STM32CubeIDE/workspace_1.8.0/OCU_H743ZI2/OBC_SPI_Lib" -I"C:/Users/HEIN.H/STM32CubeIDE/workspace_1.8.0/OCU_H743ZI2/Optocoupler_Lib" -I"C:/Users/HEIN.H/STM32CubeIDE/workspace_1.8.0/OCU_H743ZI2/PFCV_UART_Lib" -I"C:/Users/HEIN.H/STM32CubeIDE/workspace_1.8.0/OCU_H743ZI2/Thermocouple_Lib" -O0 -ffunction-sections -fdata-sections -Wall -fstack-usage -MMD -MP -MF"Drivers/STM32H7xx_HAL_Driver/Src/stm32h7xx_hal_eth.d" -MT"Drivers/STM32H7xx_HAL_Driver/Src/stm32h7xx_hal_eth.o" --specs=nano.specs -mfpu=fpv5-d16 -mfloat-abi=hard -mthumb -o "Drivers/STM32H7xx_HAL_Driver/Src/stm32h7xx_hal_eth.o"
arm-none-eabi-gcc "../Drivers/STM32H7xx_HAL_Driver/Src/stm32h7xx_hal_eth_ex.c" -mcpu=cortex-m7 -std=gnu11 -g3 -DDEBUG -DUSE_HAL_DRIVER -DSTM32H743xx -c -I../Drivers/STM32H7xx_HAL_Driver/Inc -I../Drivers/STM32H7xx_HAL_Driver/Inc/Legacy -I../Drivers/CMSIS/Device/ST/STM32H7xx/Include -I../Drivers/CMSIS/Include -I"C:/Users/HEIN.H/STM32CubeIDE/workspace_1.8.0/OCU_H743ZI2/ADC_DAC_Lib" -I"C:/Users/HEIN.H/STM32CubeIDE/workspace_1.8.0/OCU_H743ZI2/OBC_SPI_Lib" -I"C:/Users/HEIN.H/STM32CubeIDE/workspace_1.8.0/OCU_H743ZI2/Optocoupler_Lib" -I"C:/Users/HEIN.H/STM32CubeIDE/workspace_1.8.0/OCU_H743ZI2/PFCV_UART_Lib" -I"C:/Users/HEIN.H/STM32CubeIDE/workspace_1.8.0/OCU_H743ZI2/Thermocouple_Lib" -O0 -ffunction-sections -fdata-sections -Wall -fstack-usage -MMD -MP -MF"Drivers/STM32H7xx_HAL_Driver/Src/stm32h7xx_hal_eth_ex.d" -MT"Drivers/STM32H7xx_HAL_Driver/Src/stm32h7xx_hal_eth_ex.o" --specs=nano.specs -mfpu=fpv5-d16 -mfloat-abi=hard -mthumb -o "Drivers/STM32H7xx_HAL_Driver/Src/stm32h7xx_hal_eth_ex.o"
arm-none-eabi-gcc "../Drivers/STM32H7xx_HAL_Driver/Src/stm32h7xx_hal_exti.c" -mcpu=cortex-m7 -std=gnu11 -g3 -DDEBUG -DUSE_HAL_DRIVER -DSTM32H743xx -c -I../Drivers/STM32H7xx_HAL_Driver/Inc -I../Drivers/STM32H7xx_HAL_Driver/Inc/Legacy -I../Drivers/CMSIS/Device/ST/STM32H7xx/Include -I../Drivers/CMSIS/Include -I"C:/Users/HEIN.H/STM32CubeIDE/workspace_1.8.0/OCU_H743ZI2/ADC_DAC_Lib" -I"C:/Users/HEIN.H/STM32CubeIDE/workspace_1.8.0/OCU_H743ZI2/OBC_SPI_Lib" -I"C:/Users/HEIN.H/STM32CubeIDE/workspace_1.8.0/OCU_H743ZI2/Optocoupler_Lib" -I"C:/Users/HEIN.H/STM32CubeIDE/workspace_1.8.0/OCU_H743ZI2/PFCV_UART_Lib" -I"C:/Users/HEIN.H/STM32CubeIDE/workspace_1.8.0/OCU_H743ZI2/Thermocouple_Lib" -O0 -ffunction-sections -fdata-sections -Wall -fstack-usage -MMD -MP -MF"Drivers/STM32H7xx_HAL_Driver/Src/stm32h7xx_hal_exti.d" -MT"Drivers/STM32H7xx_HAL_Driver/Src/stm32h7xx_hal_exti.o" --specs=nano.specs -mfpu=fpv5-d16 -mfloat-abi=hard -mthumb -o "Drivers/STM32H7xx_HAL_Driver/Src/stm32h7xx_hal_exti.o"
arm-none-eabi-gcc "../Drivers/STM32H7xx_HAL_Driver/Src/stm32h7xx_hal_flash.c" -mcpu=cortex-m7 -std=gnu11 -g3 -DDEBUG -DUSE_HAL_DRIVER -DSTM32H743xx -c -I../Drivers/STM32H7xx_HAL_Driver/Inc -I../Drivers/STM32H7xx_HAL_Driver/Inc/Legacy -I../Drivers/CMSIS/Device/ST/STM32H7xx/Include -I../Drivers/CMSIS/Include -I"C:/Users/HEIN.H/STM32CubeIDE/workspace_1.8.0/OCU_H743ZI2/ADC_DAC_Lib" -I"C:/Users/HEIN.H/STM32CubeIDE/workspace_1.8.0/OCU_H743ZI2/OBC_SPI_Lib" -I"C:/Users/HEIN.H/STM32CubeIDE/workspace_1.8.0/OCU_H743ZI2/Optocoupler_Lib" -I"C:/Users/HEIN.H/STM32CubeIDE/workspace_1.8.0/OCU_H743ZI2/PFCV_UART_Lib" -I"C:/Users/HEIN.H/STM32CubeIDE/workspace_1.8.0/OCU_H743ZI2/Thermocouple_Lib" -O0 -ffunction-sections -fdata-sections -Wall -fstack-usage -MMD -MP -MF"Drivers/STM32H7xx_HAL_Driver/Src/stm32h7xx_hal_flash.d" -MT"Drivers/STM32H7xx_HAL_Driver/Src/stm32h7xx_hal_flash.o" --specs=nano.specs -mfpu=fpv5-d16 -mfloat-abi=hard -mthumb -o "Drivers/STM32H7xx_HAL_Driver/Src/stm32h7xx_hal_flash.o"
In file included from ../Drivers/STM32H7xx_HAL_Driver/Src/stm32h7xx_hal_dma.c:95:
../Drivers/STM32H7xx_HAL_Driver/Inc/stm32h7xx_hal.h:29:10: fatal error: stm32h7xx_hal_conf.h: No such file or directory
   29 | #include "stm32h7xx_hal_conf.h"
      |          ^~~~~~~~~~~~~~~~~~~~~~
compilation terminated.
In file included from ../Drivers/STM32H7xx_HAL_Driver/Src/stm32h7xx_hal.c:36:
../Drivers/STM32H7xx_HAL_Driver/Inc/stm32h7xx_hal.h:29:10: fatal error: stm32h7xx_hal_conf.h: No such file or directory
   29 | #include "stm32h7xx_hal_conf.h"
      |          ^~~~~~~~~~~~~~~~~~~~~~
compilation terminated.
In file included from ../Drivers/STM32H7xx_HAL_Driver/Src/stm32h7xx_hal_eth_ex.c:20:
../Drivers/STM32H7xx_HAL_Driver/Inc/stm32h7xx_hal.h:29:10: fatal error: stm32h7xx_hal_conf.h: No such file or directory
   29 | #include "stm32h7xx_hal_conf.h"
      |          ^~~~~~~~~~~~~~~~~~~~~~
In file included from ../Drivers/STM32H7xx_HAL_Driver/Src/stm32h7xx_hal_exti.c:120:
../Drivers/STM32H7xx_HAL_Driver/Inc/stm32h7xx_hal.h:29:10: fatal error: stm32h7xx_hal_conf.h: No such file or directory
   29 | #include "stm32h7xx_hal_conf.h"
      |          ^~~~~~~~~~~~~~~~~~~~~~
compilation terminated.
compilation terminated.
In file included from ../Drivers/STM32H7xx_HAL_Driver/Src/stm32h7xx_hal_flash.c:87:
../Drivers/STM32H7xx_HAL_Driver/Inc/stm32h7xx_hal.h:29:10: fatal error: stm32h7xx_hal_conf.h: No such file or directory
   29 | #include "stm32h7xx_hal_conf.h"
      |          ^~~~~~~~~~~~~~~~~~~~~~
compilation terminated.
In file included from ../Drivers/STM32H7xx_HAL_Driver/Src/stm32h7xx_hal_eth.c:146:
../Drivers/STM32H7xx_HAL_Driver/Inc/stm32h7xx_hal.h:29:10: fatal error: stm32h7xx_hal_conf.h: No such file or directory
   29 | #include "stm32h7xx_hal_conf.h"
      |          ^~~~~~~~~~~~~~~~~~~~~~
compilation terminated.
In file included from ../Drivers/STM32H7xx_HAL_Driver/Src/stm32h7xx_hal_cortex.c:82:
../Drivers/STM32H7xx_HAL_Driver/Inc/stm32h7xx_hal.h:29:10: fatal error: stm32h7xx_hal_conf.h: No such file or directory
   29 | #include "stm32h7xx_hal_conf.h"
      |          ^~~~~~~~~~~~~~~~~~~~~~
compilation terminated.
make: *** [Drivers/STM32H7xx_HAL_Driver/Src/subdir.mk:91: Drivers/STM32H7xx_HAL_Driver/Src/stm32h7xx_hal.o] Error 1
make: *** Waiting for unfinished jobs....
make: *** [Drivers/STM32H7xx_HAL_Driver/Src/subdir.mk:91: Drivers/STM32H7xx_HAL_Driver/Src/stm32h7xx_hal_exti.o] Error 1
make: *** [Drivers/STM32H7xx_HAL_Driver/Src/subdir.mk:91: Drivers/STM32H7xx_HAL_Driver/Src/stm32h7xx_hal_dma.o] Error 1
make: *** [Drivers/STM32H7xx_HAL_Driver/Src/subdir.mk:91: Drivers/STM32H7xx_HAL_Driver/Src/stm32h7xx_hal_eth_ex.o] Error 1
make: *** [Drivers/STM32H7xx_HAL_Driver/Src/subdir.mk:91: Drivers/STM32H7xx_HAL_Driver/Src/stm32h7xx_hal_cortex.o] Error 1
make: *** [Drivers/STM32H7xx_HAL_Driver/Src/subdir.mk:91: Drivers/STM32H7xx_HAL_Driver/Src/stm32h7xx_hal_flash.o] Error 1
make: *** [Drivers/STM32H7xx_HAL_Driver/Src/subdir.mk:91: Drivers/STM32H7xx_HAL_Driver/Src/stm32h7xx_hal_eth.o] Error 1
In file included from ../Drivers/STM32H7xx_HAL_Driver/Src/stm32h7xx_hal_dma_ex.c:51:
../Drivers/STM32H7xx_HAL_Driver/Inc/stm32h7xx_hal.h:29:10: fatal error: stm32h7xx_hal_conf.h: No such file or directory
   29 | #include "stm32h7xx_hal_conf.h"
      |          ^~~~~~~~~~~~~~~~~~~~~~
compilation terminated.
make: *** [Drivers/STM32H7xx_HAL_Driver/Src/subdir.mk:91: Drivers/STM32H7xx_HAL_Driver/Src/stm32h7xx_hal_dma_ex.o] Error 1
"make -j8 all" terminated with exit code 2. Build might be incomplete.

10:01:57 Build Failed. 17 errors, 0 warnings. (took 432ms)

